[
  {
    "level": "INFO",
    "message": "android.ndkVersion from module build.gradle is not set"
  },
  {
    "level": "INFO",
    "message": "ndk.dir in local.properties is /Users/docwei/software/android/sdk/ndk/android-ndk-r21d"
  },
  {
    "level": "INFO",
    "message": "ANDROID_NDK_HOME environment variable is not set"
  },
  {
    "level": "INFO",
    "message": "sdkFolder is /Users/docwei/Library/Android/sdk"
  },
  {
    "level": "INFO",
    "message": "Considering /Users/docwei/software/android/sdk/ndk/android-ndk-r21d by ndk.dir"
  },
  {
    "level": "INFO",
    "message": "Considering /Users/docwei/Library/Android/sdk/ndk-bundle in SDK ndk-bundle folder"
  },
  {
    "level": "INFO",
    "message": "Considering /Users/docwei/Library/Android/sdk/ndk/21.0.6113669 in SDK ndk folder"
  },
  {
    "level": "INFO",
    "message": "Rejected /Users/docwei/Library/Android/sdk/ndk-bundle in SDK ndk-bundle folder because that location has no source.properties"
  },
  {
    "level": "INFO",
    "message": "Found requested ndk.dir (/Users/docwei/software/android/sdk/ndk/android-ndk-r21d) which has version 21.3.6528147"
  }
]